<?xml version="1.0" encoding="UTF-8"?>
<testsuite name="Test.Addition_JMLUNITNG_Test" failures="2" tests="40" time="0.157" errors="0">
  <properties/>
  <testcase name="test_main_StringArray" time="0.015" classname="Test.Addition_JMLUNITNG_Test">
    <skipped/>
  </testcase>
  <testcase name="test_main_StringArray" time="0.0" classname="Test.Addition_JMLUNITNG_Test">
    <failure type="java.lang.IllegalArgumentException" message="argument type mismatch">
      <![CDATA[java.lang.IllegalArgumentException: argument type mismatch
... Removed 22 stack frames]]>
    </failure>
  </testcase>
  <testcase name="test_main_StringArray" time="0.0" classname="Test.Addition_JMLUNITNG_Test">
    <skipped/>
  </testcase>
  <testcase name="test_main_StringArray" time="0.0" classname="Test.Addition_JMLUNITNG_Test">
    <failure type="java.lang.IllegalArgumentException" message="argument type mismatch">
      <![CDATA[java.lang.IllegalArgumentException: argument type mismatch
... Removed 22 stack frames]]>
    </failure>
  </testcase>
  <testcase name="test_Addition_int_int" time="0.0" classname="Test.Addition_JMLUNITNG_Test">
    <skipped/>
  </testcase>
  <testcase name="test_Addition_int_int" time="0.0" classname="Test.Addition_JMLUNITNG_Test">
    <skipped/>
  </testcase>
  <testcase name="test_Addition_int_int" time="0.0" classname="Test.Addition_JMLUNITNG_Test">
    <skipped/>
  </testcase>
  <testcase name="test_Addition_int_int" time="0.0" classname="Test.Addition_JMLUNITNG_Test">
    <skipped/>
  </testcase>
  <testcase name="test_Addition_int_int" time="0.0" classname="Test.Addition_JMLUNITNG_Test"/>
  <testcase name="test_Addition_int_int" time="0.0" classname="Test.Addition_JMLUNITNG_Test"/>
  <testcase name="test_Addition_int_int" time="0.0" classname="Test.Addition_JMLUNITNG_Test">
    <skipped/>
  </testcase>
  <testcase name="test_Addition_int_int" time="0.0" classname="Test.Addition_JMLUNITNG_Test"/>
  <testcase name="test_Addition_int_int" time="0.0" classname="Test.Addition_JMLUNITNG_Test"/>
  <testcase name="test_Addition_int_int" time="0.0" classname="Test.Addition_JMLUNITNG_Test">
    <skipped/>
  </testcase>
  <testcase name="test_Addition_int_int" time="0.0" classname="Test.Addition_JMLUNITNG_Test">
    <skipped/>
  </testcase>
  <testcase name="test_Addition_int_int" time="0.0" classname="Test.Addition_JMLUNITNG_Test">
    <skipped/>
  </testcase>
  <testcase name="test_Addition_int_int" time="0.0" classname="Test.Addition_JMLUNITNG_Test">
    <skipped/>
  </testcase>
  <testcase name="test_Addition_int_int" time="0.0" classname="Test.Addition_JMLUNITNG_Test"/>
  <testcase name="test_Addition_int_int" time="0.0" classname="Test.Addition_JMLUNITNG_Test"/>
  <testcase name="test_Addition_int_int" time="0.0" classname="Test.Addition_JMLUNITNG_Test">
    <skipped/>
  </testcase>
  <testcase name="test_Addition_int_int" time="0.0" classname="Test.Addition_JMLUNITNG_Test"/>
  <testcase name="test_Addition_int_int" time="0.0" classname="Test.Addition_JMLUNITNG_Test"/>
  <testcase name="test_add_int_int" time="0.0" classname="Test.Addition_JMLUNITNG_Test">
    <skipped/>
  </testcase>
  <testcase name="test_add_int_int" time="0.0" classname="Test.Addition_JMLUNITNG_Test">
    <skipped/>
  </testcase>
  <testcase name="test_add_int_int" time="0.0" classname="Test.Addition_JMLUNITNG_Test">
    <skipped/>
  </testcase>
  <testcase name="test_add_int_int" time="0.0" classname="Test.Addition_JMLUNITNG_Test">
    <skipped/>
  </testcase>
  <testcase name="test_add_int_int" time="0.0" classname="Test.Addition_JMLUNITNG_Test"/>
  <testcase name="test_add_int_int" time="0.0" classname="Test.Addition_JMLUNITNG_Test"/>
  <testcase name="test_add_int_int" time="0.0" classname="Test.Addition_JMLUNITNG_Test">
    <skipped/>
  </testcase>
  <testcase name="test_add_int_int" time="0.0" classname="Test.Addition_JMLUNITNG_Test"/>
  <testcase name="test_add_int_int" time="0.016" classname="Test.Addition_JMLUNITNG_Test"/>
  <testcase name="test_add_int_int" time="0.0" classname="Test.Addition_JMLUNITNG_Test">
    <skipped/>
  </testcase>
  <testcase name="test_add_int_int" time="0.0" classname="Test.Addition_JMLUNITNG_Test">
    <skipped/>
  </testcase>
  <testcase name="test_add_int_int" time="0.0" classname="Test.Addition_JMLUNITNG_Test">
    <skipped/>
  </testcase>
  <testcase name="test_add_int_int" time="0.0" classname="Test.Addition_JMLUNITNG_Test">
    <skipped/>
  </testcase>
  <testcase name="test_add_int_int" time="0.0" classname="Test.Addition_JMLUNITNG_Test"/>
  <testcase name="test_add_int_int" time="0.0" classname="Test.Addition_JMLUNITNG_Test"/>
  <testcase name="test_add_int_int" time="0.0" classname="Test.Addition_JMLUNITNG_Test">
    <skipped/>
  </testcase>
  <testcase name="test_add_int_int" time="0.0" classname="Test.Addition_JMLUNITNG_Test"/>
  <testcase name="test_add_int_int" time="0.0" classname="Test.Addition_JMLUNITNG_Test"/>
</testsuite>
