<?xml version="1.0" encoding="UTF-8"?>
<testsuite name="Addition test" failures="0" tests="40" time="0.172" errors="0">
  <properties/>
  <testcase name="test_main_StringArray" time="0.016" classname="Test.Addition_JMLUNITNG_Test">
    <skipped/>
  </testcase>
  <testcase name="test_main_StringArray" time="0.0" classname="Test.Addition_JMLUNITNG_Test"/>
  <testcase name="test_main_StringArray" time="0.0" classname="Test.Addition_JMLUNITNG_Test">
    <skipped/>
  </testcase>
  <testcase name="test_main_StringArray" time="0.0" classname="Test.Addition_JMLUNITNG_Test"/>
  <testcase name="test_Addition_int_int" time="0.0" classname="Test.Addition_JMLUNITNG_Test"/>
  <testcase name="test_Addition_int_int" time="0.0" classname="Test.Addition_JMLUNITNG_Test"/>
  <testcase name="test_Addition_int_int" time="0.0" classname="Test.Addition_JMLUNITNG_Test">
    <skipped/>
  </testcase>
  <testcase name="test_Addition_int_int" time="0.0" classname="Test.Addition_JMLUNITNG_Test"/>
  <testcase name="test_Addition_int_int" time="0.0" classname="Test.Addition_JMLUNITNG_Test"/>
  <testcase name="test_Addition_int_int" time="0.0" classname="Test.Addition_JMLUNITNG_Test">
    <skipped/>
  </testcase>
  <testcase name="test_Addition_int_int" time="0.0" classname="Test.Addition_JMLUNITNG_Test">
    <skipped/>
  </testcase>
  <testcase name="test_Addition_int_int" time="0.0" classname="Test.Addition_JMLUNITNG_Test">
    <skipped/>
  </testcase>
  <testcase name="test_Addition_int_int" time="0.0" classname="Test.Addition_JMLUNITNG_Test">
    <skipped/>
  </testcase>
  <testcase name="test_Addition_int_int" time="0.0" classname="Test.Addition_JMLUNITNG_Test"/>
  <testcase name="test_Addition_int_int" time="0.0" classname="Test.Addition_JMLUNITNG_Test"/>
  <testcase name="test_Addition_int_int" time="0.0" classname="Test.Addition_JMLUNITNG_Test">
    <skipped/>
  </testcase>
  <testcase name="test_Addition_int_int" time="0.015" classname="Test.Addition_JMLUNITNG_Test"/>
  <testcase name="test_Addition_int_int" time="0.0" classname="Test.Addition_JMLUNITNG_Test"/>
  <testcase name="test_Addition_int_int" time="0.0" classname="Test.Addition_JMLUNITNG_Test">
    <skipped/>
  </testcase>
  <testcase name="test_Addition_int_int" time="0.0" classname="Test.Addition_JMLUNITNG_Test">
    <skipped/>
  </testcase>
  <testcase name="test_Addition_int_int" time="0.0" classname="Test.Addition_JMLUNITNG_Test">
    <skipped/>
  </testcase>
  <testcase name="test_Addition_int_int" time="0.0" classname="Test.Addition_JMLUNITNG_Test">
    <skipped/>
  </testcase>
  <testcase name="test_add_int_int" time="0.0" classname="Test.Addition_JMLUNITNG_Test"/>
  <testcase name="test_add_int_int" time="0.0" classname="Test.Addition_JMLUNITNG_Test"/>
  <testcase name="test_add_int_int" time="0.0" classname="Test.Addition_JMLUNITNG_Test">
    <skipped/>
  </testcase>
  <testcase name="test_add_int_int" time="0.0" classname="Test.Addition_JMLUNITNG_Test"/>
  <testcase name="test_add_int_int" time="0.0" classname="Test.Addition_JMLUNITNG_Test"/>
  <testcase name="test_add_int_int" time="0.0" classname="Test.Addition_JMLUNITNG_Test">
    <skipped/>
  </testcase>
  <testcase name="test_add_int_int" time="0.0" classname="Test.Addition_JMLUNITNG_Test">
    <skipped/>
  </testcase>
  <testcase name="test_add_int_int" time="0.0" classname="Test.Addition_JMLUNITNG_Test">
    <skipped/>
  </testcase>
  <testcase name="test_add_int_int" time="0.0" classname="Test.Addition_JMLUNITNG_Test">
    <skipped/>
  </testcase>
  <testcase name="test_add_int_int" time="0.0" classname="Test.Addition_JMLUNITNG_Test"/>
  <testcase name="test_add_int_int" time="0.015" classname="Test.Addition_JMLUNITNG_Test"/>
  <testcase name="test_add_int_int" time="0.0" classname="Test.Addition_JMLUNITNG_Test">
    <skipped/>
  </testcase>
  <testcase name="test_add_int_int" time="0.0" classname="Test.Addition_JMLUNITNG_Test"/>
  <testcase name="test_add_int_int" time="0.0" classname="Test.Addition_JMLUNITNG_Test"/>
  <testcase name="test_add_int_int" time="0.0" classname="Test.Addition_JMLUNITNG_Test">
    <skipped/>
  </testcase>
  <testcase name="test_add_int_int" time="0.0" classname="Test.Addition_JMLUNITNG_Test">
    <skipped/>
  </testcase>
  <testcase name="test_add_int_int" time="0.0" classname="Test.Addition_JMLUNITNG_Test">
    <skipped/>
  </testcase>
  <testcase name="test_add_int_int" time="0.0" classname="Test.Addition_JMLUNITNG_Test">
    <skipped/>
  </testcase>
</testsuite>
